<?xml version="1.0" encoding="UTF-8"?>
<!-- Generated by org.testng.reporters.JUnitReportReporter -->
<testsuite name="automation.phpautomation.login" tests="1" time="43.483" ignored="0" failures="0" timestamp="11 Oct 2019 11:02:24 GMT" skipped="0" hostname="CBT-MH-000" errors="0">
  <testcase name="main" time="43.483" classname="automation.phpautomation.login"/>
</testsuite> <!-- automation.phpautomation.login -->
