<?xml version="1.0" encoding="UTF-8"?>
<!-- Generated by org.testng.reporters.JUnitReportReporter -->
<testsuite name="automation.phpautomation.registration" tests="1" time="13.640" ignored="0" failures="0" timestamp="11 Oct 2019 09:09:19 GMT" skipped="0" hostname="CBT-MH-000" errors="0">
  <testcase name="main" time="13.640" classname="automation.phpautomation.registration"/>
</testsuite> <!-- automation.phpautomation.registration -->
