<?xml version="1.0" encoding="UTF-8"?>
<!-- Generated by org.testng.reporters.JUnitReportReporter -->
<testsuite name="automation.phpautomation.Testhotelsearch" tests="1" time="25.520" ignored="0" failures="0" timestamp="11 Oct 2019 09:36:56 GMT" skipped="0" hostname="CBT-MH-000" errors="0">
  <testcase name="Hotelsearch" time="25.520" classname="automation.phpautomation.Testhotelsearch"/>
</testsuite> <!-- automation.phpautomation.Testhotelsearch -->
