<?xml version="1.0" encoding="UTF-8"?>
<!-- Generated by org.testng.reporters.JUnitReportReporter -->
<testsuite name="automation.phpautomation.Testflightsearch" tests="1" time="23.034" ignored="0" failures="0" timestamp="11 Oct 2019 08:34:24 GMT" skipped="0" hostname="CBT-MH-000" errors="0">
  <testcase name="Flightsearch" time="23.034" classname="automation.phpautomation.Testflightsearch"/>
</testsuite> <!-- automation.phpautomation.Testflightsearch -->
