<?xml version="1.0" encoding="UTF-8"?>
<!-- Generated by org.testng.reporters.JUnitReportReporter -->
<testsuite name="automation.phpautomation.Testtourpage" tests="1" time="27.426" ignored="0" failures="0" timestamp="11 Oct 2019 10:54:20 GMT" skipped="0" hostname="CBT-MH-000" errors="0">
  <testcase name="Tourpage" time="27.426" classname="automation.phpautomation.Testtourpage"/>
</testsuite> <!-- automation.phpautomation.Testtourpage -->
