<?xml version="1.0" encoding="UTF-8"?>
<!-- Generated by org.testng.reporters.JUnitReportReporter -->
<testsuite name="automation.phpautomation.hotel" tests="1" time="21.316" ignored="0" failures="0" timestamp="04 Oct 2019 03:43:18 GMT" skipped="0" hostname="CBT-MH-000" errors="0">
  <testcase name="main" time="21.316" classname="automation.phpautomation.hotel"/>
</testsuite> <!-- automation.phpautomation.hotel -->
